{"/Users/alessiofarinelli/Developer/Futura/Packages/cosmodrome/src/commands/release.ts": {"path":"/Users/alessiofarinelli/Developer/Futura/Packages/cosmodrome/src/commands/release.ts","statementMap":{"0":{"start":{"line":1,"column":0},"end":{"line":1,"column":25}},"1":{"start":{"line":2,"column":0},"end":{"line":2,"column":45}},"2":{"start":{"line":3,"column":0},"end":{"line":3,"column":62}},"3":{"start":{"line":4,"column":0},"end":{"line":4,"column":50}},"4":{"start":{"line":5,"column":0},"end":{"line":5,"column":null}},"5":{"start":{"line":9,"column":0},"end":{"line":9,"column":81}},"6":{"start":{"line":10,"column":0},"end":{"line":10,"column":26}},"7":{"start":{"line":12,"column":42},"end":{"line":23,"column":2}},"8":{"start":{"line":25,"column":10},"end":{"line":31,"column":2}},"9":{"start":{"line":32,"column":21},"end":{"line":36,"column":2}},"10":{"start":{"line":37,"column":14},"end":{"line":41,"column":2}},"11":{"start":{"line":53,"column":23},"end":{"line":308,"column":1}},"12":{"start":{"line":55,"column":2},"end":{"line":307,"column":5}},"13":{"start":{"line":61,"column":19},"end":{"line":61,"column":64}},"14":{"start":{"line":62,"column":4},"end":{"line":67,"column":5}},"15":{"start":{"line":63,"column":6},"end":{"line":65,"column":8}},"16":{"start":{"line":66,"column":6},"end":{"line":66,"column":22}},"17":{"start":{"line":69,"column":20},"end":{"line":76,"column":6}},"18":{"start":{"line":80,"column":4},"end":{"line":82,"column":6}},"19":{"start":{"line":85,"column":23},"end":{"line":85,"column":53}},"20":{"start":{"line":86,"column":4},"end":{"line":103,"column":5}},"21":{"start":{"line":87,"column":24},"end":{"line":94,"column":8}},"22":{"start":{"line":90,"column":10},"end":{"line":92,"column":12}},"23":{"start":{"line":96,"column":6},"end":{"line":96,"column":30}},"24":{"start":{"line":97,"column":6},"end":{"line":97,"column":30}},"25":{"start":{"line":98,"column":6},"end":{"line":102,"column":8}},"26":{"start":{"line":107,"column":4},"end":{"line":112,"column":5}},"27":{"start":{"line":108,"column":6},"end":{"line":110,"column":8}},"28":{"start":{"line":111,"column":6},"end":{"line":111,"column":22}},"29":{"start":{"line":113,"column":19},"end":{"line":114,"column":null}},"30":{"start":{"line":119,"column":4},"end":{"line":119,"column":52}},"31":{"start":{"line":120,"column":4},"end":{"line":120,"column":16}},"32":{"start":{"line":123,"column":24},"end":{"line":127,"column":6}},"33":{"start":{"line":130,"column":27},"end":{"line":130,"column":64}},"34":{"start":{"line":131,"column":25},"end":{"line":131,"column":112}},"35":{"start":{"line":135,"column":41},"end":{"line":137,"column":68}},"36":{"start":{"line":138,"column":20},"end":{"line":141,"column":6}},"37":{"start":{"line":143,"column":24},"end":{"line":146,"column":null}},"38":{"start":{"line":180,"column":4},"end":{"line":180,"column":49}},"39":{"start":{"line":181,"column":4},"end":{"line":183,"column":7}},"40":{"start":{"line":184,"column":4},"end":{"line":184,"column":56}},"41":{"start":{"line":185,"column":4},"end":{"line":187,"column":6}},"42":{"start":{"line":188,"column":4},"end":{"line":188,"column":16}},"43":{"start":{"line":192,"column":4},"end":{"line":192,"column":43}},"44":{"start":{"line":193,"column":20},"end":{"line":196,"column":6}},"45":{"start":{"line":197,"column":20},"end":{"line":197,"column":74}},"46":{"start":{"line":198,"column":21},"end":{"line":198,"column":65}},"47":{"start":{"line":201,"column":47},"end":{"line":204,"column":6}},"48":{"start":{"line":206,"column":32},"end":{"line":214,"column":6}},"49":{"start":{"line":216,"column":4},"end":{"line":233,"column":5}},"50":{"start":{"line":217,"column":6},"end":{"line":220,"column":9}},"51":{"start":{"line":221,"column":6},"end":{"line":224,"column":9}},"52":{"start":{"line":225,"column":6},"end":{"line":228,"column":9}},"53":{"start":{"line":229,"column":6},"end":{"line":232,"column":9}},"54":{"start":{"line":235,"column":4},"end":{"line":235,"column":34}},"55":{"start":{"line":236,"column":4},"end":{"line":236,"column":16}},"56":{"start":{"line":243,"column":4},"end":{"line":249,"column":7}},"57":{"start":{"line":250,"column":4},"end":{"line":250,"column":57}},"58":{"start":{"line":251,"column":4},"end":{"line":251,"column":68}},"59":{"start":{"line":252,"column":4},"end":{"line":252,"column":53}},"60":{"start":{"line":253,"column":4},"end":{"line":253,"column":16}},"61":{"start":{"line":257,"column":4},"end":{"line":257,"column":44}},"62":{"start":{"line":258,"column":4},"end":{"line":258,"column":53}},"63":{"start":{"line":259,"column":4},"end":{"line":259,"column":36}},"64":{"start":{"line":260,"column":4},"end":{"line":260,"column":16}},"65":{"start":{"line":261,"column":4},"end":{"line":261,"column":42}},"66":{"start":{"line":262,"column":4},"end":{"line":262,"column":62}},"67":{"start":{"line":263,"column":4},"end":{"line":263,"column":34}},"68":{"start":{"line":264,"column":4},"end":{"line":264,"column":16}},"69":{"start":{"line":268,"column":4},"end":{"line":273,"column":5}},"70":{"start":{"line":269,"column":6},"end":{"line":271,"column":8}},"71":{"start":{"line":272,"column":6},"end":{"line":272,"column":22}},"72":{"start":{"line":274,"column":4},"end":{"line":306,"column":5}},"73":{"start":{"line":275,"column":6},"end":{"line":275,"column":53}},"74":{"start":{"line":276,"column":6},"end":{"line":305,"column":11}},"75":{"start":{"line":297,"column":10},"end":{"line":297,"column":71}},"76":{"start":{"line":298,"column":10},"end":{"line":298,"column":22}},"77":{"start":{"line":299,"column":10},"end":{"line":299,"column":39}},"78":{"start":{"line":300,"column":10},"end":{"line":300,"column":20}},"79":{"start":{"line":303,"column":10},"end":{"line":303,"column":53}},"80":{"start":{"line":304,"column":10},"end":{"line":304,"column":19}},"81":{"start":{"line":53,"column":13},"end":{"line":53,"column":23}},"82":{"start":{"line":336,"column":34},"end":{"line":372,"column":1}},"83":{"start":{"line":342,"column":2},"end":{"line":343,"column":48}},"84":{"start":{"line":343,"column":4},"end":{"line":343,"column":48}},"85":{"start":{"line":345,"column":48},"end":{"line":348,"column":24}},"86":{"start":{"line":348,"column":14},"end":{"line":348,"column":23}},"87":{"start":{"line":350,"column":39},"end":{"line":350,"column":71}},"88":{"start":{"line":351,"column":32},"end":{"line":351,"column":75}},"89":{"start":{"line":353,"column":2},"end":{"line":371,"column":3}},"90":{"start":{"line":355,"column":6},"end":{"line":355,"column":148}},"91":{"start":{"line":357,"column":6},"end":{"line":357,"column":213}},"92":{"start":{"line":359,"column":6},"end":{"line":363,"column":9}},"93":{"start":{"line":366,"column":6},"end":{"line":367,"column":93}},"94":{"start":{"line":369,"column":6},"end":{"line":370,"column":41}},"95":{"start":{"line":336,"column":13},"end":{"line":336,"column":34}}},"fnMap":{"0":{"name":"(anonymous_0)","decl":{"start":{"line":53,"column":23},"end":{"line":53,"column":28}},"loc":{"start":{"line":53,"column":61},"end":{"line":308,"column":1}}},"1":{"name":"(anonymous_1)","decl":{"start":{"line":55,"column":21},"end":{"line":55,"column":26}},"loc":{"start":{"line":55,"column":47},"end":{"line":307,"column":3}}},"2":{"name":"(anonymous_2)","decl":{"start":{"line":89,"column":32},"end":{"line":89,"column":33}},"loc":{"start":{"line":89,"column":59},"end":{"line":93,"column":9}}},"3":{"name":"(anonymous_3)","decl":{"start":{"line":296,"column":14},"end":{"line":296,"column":17}},"loc":{"start":{"line":296,"column":20},"end":{"line":301,"column":9}}},"4":{"name":"(anonymous_4)","decl":{"start":{"line":302,"column":15},"end":{"line":302,"column":18}},"loc":{"start":{"line":302,"column":21},"end":{"line":305,"column":9}}},"5":{"name":"(anonymous_5)","decl":{"start":{"line":336,"column":34},"end":{"line":336,"column":null}},"loc":{"start":{"line":341,"column":91},"end":{"line":372,"column":1}}},"6":{"name":"(anonymous_6)","decl":{"start":{"line":348,"column":9},"end":{"line":348,"column":10}},"loc":{"start":{"line":348,"column":14},"end":{"line":348,"column":23}}}},"branchMap":{"0":{"loc":{"start":{"line":62,"column":4},"end":{"line":67,"column":5}},"type":"if","locations":[{"start":{"line":62,"column":4},"end":{"line":67,"column":5}}]},"1":{"loc":{"start":{"line":86,"column":4},"end":{"line":103,"column":5}},"type":"if","locations":[{"start":{"line":86,"column":4},"end":{"line":103,"column":5}}]},"2":{"loc":{"start":{"line":107,"column":4},"end":{"line":112,"column":5}},"type":"if","locations":[{"start":{"line":107,"column":4},"end":{"line":112,"column":5}}]},"3":{"loc":{"start":{"line":135,"column":41},"end":{"line":137,"column":68}},"type":"cond-expr","locations":[{"start":{"line":136,"column":8},"end":{"line":136,"column":56}},{"start":{"line":137,"column":8},"end":{"line":137,"column":68}}]},"4":{"loc":{"start":{"line":216,"column":4},"end":{"line":233,"column":5}},"type":"if","locations":[{"start":{"line":216,"column":4},"end":{"line":233,"column":5}}]},"5":{"loc":{"start":{"line":251,"column":4},"end":{"line":251,"column":67}},"type":"binary-expr","locations":[{"start":{"line":251,"column":4},"end":{"line":251,"column":11}},{"start":{"line":251,"column":15},"end":{"line":251,"column":67}}]},"6":{"loc":{"start":{"line":258,"column":4},"end":{"line":258,"column":52}},"type":"binary-expr","locations":[{"start":{"line":258,"column":4},"end":{"line":258,"column":12}},{"start":{"line":258,"column":16},"end":{"line":258,"column":52}}]},"7":{"loc":{"start":{"line":262,"column":4},"end":{"line":262,"column":61}},"type":"binary-expr","locations":[{"start":{"line":262,"column":4},"end":{"line":262,"column":11}},{"start":{"line":262,"column":15},"end":{"line":262,"column":61}}]},"8":{"loc":{"start":{"line":268,"column":4},"end":{"line":273,"column":5}},"type":"if","locations":[{"start":{"line":268,"column":4},"end":{"line":273,"column":5}}]},"9":{"loc":{"start":{"line":268,"column":8},"end":{"line":268,"column":51}},"type":"binary-expr","locations":[{"start":{"line":268,"column":8},"end":{"line":268,"column":33}},{"start":{"line":268,"column":37},"end":{"line":268,"column":51}}]},"10":{"loc":{"start":{"line":274,"column":4},"end":{"line":306,"column":5}},"type":"if","locations":[{"start":{"line":274,"column":4},"end":{"line":306,"column":5}}]},"11":{"loc":{"start":{"line":274,"column":8},"end":{"line":274,"column":62}},"type":"binary-expr","locations":[{"start":{"line":274,"column":8},"end":{"line":274,"column":33}},{"start":{"line":274,"column":37},"end":{"line":274,"column":45}},{"start":{"line":274,"column":49},"end":{"line":274,"column":62}}]},"12":{"loc":{"start":{"line":342,"column":2},"end":{"line":343,"column":48}},"type":"if","locations":[{"start":{"line":342,"column":2},"end":{"line":343,"column":48}}]},"13":{"loc":{"start":{"line":350,"column":39},"end":{"line":350,"column":71}},"type":"binary-expr","locations":[{"start":{"line":350,"column":39},"end":{"line":350,"column":63}},{"start":{"line":350,"column":67},"end":{"line":350,"column":71}}]},"14":{"loc":{"start":{"line":351,"column":32},"end":{"line":351,"column":75}},"type":"binary-expr","locations":[{"start":{"line":351,"column":32},"end":{"line":351,"column":59}},{"start":{"line":351,"column":63},"end":{"line":351,"column":75}}]},"15":{"loc":{"start":{"line":353,"column":2},"end":{"line":371,"column":3}},"type":"switch","locations":[{"start":{"line":354,"column":4},"end":{"line":355,"column":148}},{"start":{"line":356,"column":4},"end":{"line":357,"column":213}},{"start":{"line":358,"column":4},"end":{"line":363,"column":9}},{"start":{"line":365,"column":4},"end":{"line":367,"column":93}},{"start":{"line":368,"column":4},"end":{"line":370,"column":41}}]},"16":{"loc":{"start":{"line":355,"column":13},"end":{"line":355,"column":147}},"type":"cond-expr","locations":[{"start":{"line":355,"column":37},"end":{"line":355,"column":102}},{"start":{"line":355,"column":104},"end":{"line":355,"column":147}}]},"17":{"loc":{"start":{"line":357,"column":13},"end":{"line":357,"column":212}},"type":"cond-expr","locations":[{"start":{"line":357,"column":37},"end":{"line":357,"column":134}},{"start":{"line":357,"column":137},"end":{"line":357,"column":212}}]},"18":{"loc":{"start":{"line":359,"column":13},"end":{"line":363,"column":8}},"type":"cond-expr","locations":[{"start":{"line":359,"column":37},"end":{"line":361,"column":30}},{"start":{"line":361,"column":34},"end":{"line":363,"column":8}}]}},"s":{"0":1,"1":1,"2":1,"3":1,"4":1,"5":1,"6":1,"7":1,"8":1,"9":1,"10":1,"11":1,"12":0,"13":0,"14":0,"15":0,"16":0,"17":0,"18":0,"19":0,"20":0,"21":0,"22":0,"23":0,"24":0,"25":0,"26":0,"27":0,"28":0,"29":0,"30":0,"31":0,"32":0,"33":0,"34":0,"35":0,"36":0,"37":0,"38":0,"39":0,"40":0,"41":0,"42":0,"43":0,"44":0,"45":0,"46":0,"47":0,"48":0,"49":0,"50":0,"51":0,"52":0,"53":0,"54":0,"55":0,"56":0,"57":0,"58":0,"59":0,"60":0,"61":0,"62":0,"63":0,"64":0,"65":0,"66":0,"67":0,"68":0,"69":0,"70":0,"71":0,"72":0,"73":0,"74":0,"75":0,"76":0,"77":0,"78":0,"79":0,"80":0,"81":1,"82":1,"83":3,"84":0,"85":3,"86":9,"87":3,"88":3,"89":3,"90":1,"91":1,"92":1,"93":0,"94":0,"95":1},"f":{"0":0,"1":0,"2":0,"3":0,"4":0,"5":3,"6":9},"b":{"0":[0],"1":[0],"2":[0],"3":[0,0],"4":[0],"5":[0,0],"6":[0,0],"7":[0,0],"8":[0],"9":[0,0],"10":[0],"11":[0,0,0],"12":[0],"13":[3,0],"14":[3,0],"15":[1,1,1,0,0],"16":[0,1],"17":[0,1],"18":[0,1]}}
,"/Users/alessiofarinelli/Developer/Futura/Packages/cosmodrome/src/utils/functions.ts": {"path":"/Users/alessiofarinelli/Developer/Futura/Packages/cosmodrome/src/utils/functions.ts","statementMap":{"0":{"start":{"line":1,"column":0},"end":{"line":1,"column":42}},"1":{"start":{"line":8,"column":31},"end":{"line":19,"column":1}},"2":{"start":{"line":9,"column":2},"end":{"line":9,"column":68}},"3":{"start":{"line":10,"column":17},"end":{"line":10,"column":37}},"4":{"start":{"line":11,"column":2},"end":{"line":16,"column":3}},"5":{"start":{"line":12,"column":4},"end":{"line":12,"column":30}},"6":{"start":{"line":13,"column":4},"end":{"line":13,"column":49}},"7":{"start":{"line":14,"column":4},"end":{"line":14,"column":24}},"8":{"start":{"line":15,"column":4},"end":{"line":15,"column":46}},"9":{"start":{"line":18,"column":2},"end":{"line":18,"column":34}},"10":{"start":{"line":8,"column":13},"end":{"line":8,"column":31}},"11":{"start":{"line":25,"column":23},"end":{"line":27,"column":1}},"12":{"start":{"line":26,"column":2},"end":{"line":26,"column":31}},"13":{"start":{"line":25,"column":13},"end":{"line":25,"column":23}}},"fnMap":{"0":{"name":"(anonymous_0)","decl":{"start":{"line":8,"column":31},"end":{"line":8,"column":32}},"loc":{"start":{"line":8,"column":73},"end":{"line":19,"column":1}}},"1":{"name":"(anonymous_1)","decl":{"start":{"line":25,"column":23},"end":{"line":25,"column":24}},"loc":{"start":{"line":25,"column":56},"end":{"line":27,"column":1}}}},"branchMap":{"0":{"loc":{"start":{"line":9,"column":2},"end":{"line":9,"column":67}},"type":"binary-expr","locations":[{"start":{"line":9,"column":2},"end":{"line":9,"column":11}},{"start":{"line":9,"column":15},"end":{"line":9,"column":34}},{"start":{"line":9,"column":39},"end":{"line":9,"column":66}}]},"1":{"loc":{"start":{"line":11,"column":2},"end":{"line":16,"column":3}},"type":"if","locations":[{"start":{"line":11,"column":2},"end":{"line":16,"column":3}}]},"2":{"loc":{"start":{"line":13,"column":16},"end":{"line":13,"column":47}},"type":"binary-expr","locations":[{"start":{"line":13,"column":16},"end":{"line":13,"column":41}},{"start":{"line":13,"column":45},"end":{"line":13,"column":47}}]}},"s":{"0":1,"1":1,"2":0,"3":0,"4":0,"5":0,"6":0,"7":0,"8":0,"9":0,"10":1,"11":1,"12":0,"13":1},"f":{"0":0,"1":0},"b":{"0":[0,0,0],"1":[0],"2":[0,0]}}
,"/Users/alessiofarinelli/Developer/Futura/Packages/cosmodrome/src/utils/validation/cosmodrome-config.ts": {"path":"/Users/alessiofarinelli/Developer/Futura/Packages/cosmodrome/src/utils/validation/cosmodrome-config.ts","statementMap":{"0":{"start":{"line":1,"column":0},"end":{"line":1,"column":24}},"1":{"start":{"line":3,"column":13},"end":{"line":16,"column":3}}},"fnMap":{},"branchMap":{},"s":{"0":1,"1":1},"f":{},"b":{}}
,"/Users/alessiofarinelli/Developer/Futura/Packages/cosmodrome/src/utils/validation/package-json.ts": {"path":"/Users/alessiofarinelli/Developer/Futura/Packages/cosmodrome/src/utils/validation/package-json.ts","statementMap":{"0":{"start":{"line":1,"column":0},"end":{"line":1,"column":24}},"1":{"start":{"line":3,"column":13},"end":{"line":7,"column":3}},"2":{"start":{"line":9,"column":13},"end":{"line":13,"column":3}}},"fnMap":{},"branchMap":{},"s":{"0":1,"1":1,"2":1},"f":{},"b":{}}
}
