TN:
SF:src/commands/release.ts
FN:53,(anonymous_0)
FN:55,(anonymous_1)
FN:89,(anonymous_2)
FN:296,(anonymous_3)
FN:302,(anonymous_4)
FN:336,(anonymous_5)
FN:348,(anonymous_6)
FNF:7
FNH:2
FNDA:0,(anonymous_0)
FNDA:0,(anonymous_1)
FNDA:0,(anonymous_2)
FNDA:0,(anonymous_3)
FNDA:0,(anonymous_4)
FNDA:3,(anonymous_5)
FNDA:9,(anonymous_6)
DA:1,1
DA:2,1
DA:3,1
DA:4,1
DA:5,1
DA:9,1
DA:10,1
DA:12,1
DA:25,1
DA:32,1
DA:37,1
DA:53,1
DA:55,0
DA:61,0
DA:62,0
DA:63,0
DA:66,0
DA:69,0
DA:80,0
DA:85,0
DA:86,0
DA:87,0
DA:90,0
DA:96,0
DA:97,0
DA:98,0
DA:107,0
DA:108,0
DA:111,0
DA:113,0
DA:119,0
DA:120,0
DA:123,0
DA:130,0
DA:131,0
DA:135,0
DA:138,0
DA:143,0
DA:180,0
DA:181,0
DA:184,0
DA:185,0
DA:188,0
DA:192,0
DA:193,0
DA:197,0
DA:198,0
DA:201,0
DA:206,0
DA:216,0
DA:217,0
DA:221,0
DA:225,0
DA:229,0
DA:235,0
DA:236,0
DA:243,0
DA:250,0
DA:251,0
DA:252,0
DA:253,0
DA:257,0
DA:258,0
DA:259,0
DA:260,0
DA:261,0
DA:262,0
DA:263,0
DA:264,0
DA:268,0
DA:269,0
DA:272,0
DA:274,0
DA:275,0
DA:276,0
DA:297,0
DA:298,0
DA:299,0
DA:300,0
DA:303,0
DA:304,0
DA:336,1
DA:342,3
DA:343,0
DA:345,3
DA:348,9
DA:350,3
DA:351,3
DA:353,3
DA:355,1
DA:357,1
DA:359,1
DA:366,0
DA:369,0
LF:94
LH:22
BRDA:62,0,0,0
BRDA:86,1,0,0
BRDA:107,2,0,0
BRDA:135,3,0,0
BRDA:135,3,1,0
BRDA:216,4,0,0
BRDA:251,5,0,0
BRDA:251,5,1,0
BRDA:258,6,0,0
BRDA:258,6,1,0
BRDA:262,7,0,0
BRDA:262,7,1,0
BRDA:268,8,0,0
BRDA:268,9,0,0
BRDA:268,9,1,0
BRDA:274,10,0,0
BRDA:274,11,0,0
BRDA:274,11,1,0
BRDA:274,11,2,0
BRDA:342,12,0,0
BRDA:350,13,0,3
BRDA:350,13,1,0
BRDA:351,14,0,3
BRDA:351,14,1,0
BRDA:353,15,0,1
BRDA:353,15,1,1
BRDA:353,15,2,1
BRDA:353,15,3,0
BRDA:353,15,4,0
BRDA:355,16,0,0
BRDA:355,16,1,1
BRDA:357,17,0,0
BRDA:357,17,1,1
BRDA:359,18,0,0
BRDA:359,18,1,1
BRF:35
BRH:8
end_of_record
TN:
SF:src/utils/functions.ts
FN:8,(anonymous_0)
FN:25,(anonymous_1)
FNF:2
FNH:0
FNDA:0,(anonymous_0)
FNDA:0,(anonymous_1)
DA:1,1
DA:8,1
DA:9,0
DA:10,0
DA:11,0
DA:12,0
DA:13,0
DA:14,0
DA:15,0
DA:18,0
DA:25,1
DA:26,0
LF:12
LH:3
BRDA:9,0,0,0
BRDA:9,0,1,0
BRDA:9,0,2,0
BRDA:11,1,0,0
BRDA:13,2,0,0
BRDA:13,2,1,0
BRF:6
BRH:0
end_of_record
TN:
SF:src/utils/validation/cosmodrome-config.ts
FNF:0
FNH:0
DA:1,1
DA:3,1
LF:2
LH:2
BRF:0
BRH:0
end_of_record
TN:
SF:src/utils/validation/package-json.ts
FNF:0
FNH:0
DA:1,1
DA:3,1
DA:9,1
LF:3
LH:3
BRF:0
BRH:0
end_of_record
